Discord 0.0.20
Starting app.
Starting updater.
[Modules] Modules initializing
[Modules] Distribution: remote
[Modules] Host updates: enabled
[Modules] Module updates: enabled
[Modules] Module install path: /home/mids/m234158/.config/discord/0.0.20/modules
[Modules] Module installed file path: /home/mids/m234158/.config/discord/0.0.20/modules/installed.json
[Modules] Module download path: /home/mids/m234158/.config/discord/0.0.20/modules/pending
[Modules] No updates to install
[Modules] Checking for host updates.
[Modules] Host is up to date.
[Modules] Checking for module updates at https://discord.com/api/modules/stable/versions.json
[Modules] Module update available: discord_voice@2 [installed: 1]
[Modules] Fetching discord_voice@2 from https://discord.com/api/modules/stable/discord_voice/2
[Modules] Streaming discord_voice@2 to /home/mids/m234158/.config/discord/0.0.20/modules/pending/discord_voice-2.zip
[Modules] Streaming discord_voice@2 to /home/mids/m234158/.config/discord/0.0.20/modules/pending/discord_voice-2.zip: 1%
[Modules] Streaming discord_voice@2 to /home/mids/m234158/.config/discord/0.0.20/modules/pending/discord_voice-2.zip: 2%
[Modules] Streaming discord_voice@2 to /home/mids/m234158/.config/discord/0.0.20/modules/pending/discord_voice-2.zip: 3%
[Modules] Streaming discord_voice@2 to /home/mids/m234158/.config/discord/0.0.20/modules/pending/discord_voice-2.zip: 4%
[Modules] Streaming discord_voice@2 to /home/mids/m234158/.config/discord/0.0.20/modules/pending/discord_voice-2.zip: 5%
[Modules] Streaming discord_voice@2 to /home/mids/m234158/.config/discord/0.0.20/modules/pending/discord_voice-2.zip: 6%
[Modules] Streaming discord_voice@2 to /home/mids/m234158/.config/discord/0.0.20/modules/pending/discord_voice-2.zip: 7%
[Modules] Streaming discord_voice@2 to /home/mids/m234158/.config/discord/0.0.20/modules/pending/discord_voice-2.zip: 8%
[Modules] Streaming discord_voice@2 to /home/mids/m234158/.config/discord/0.0.20/modules/pending/discord_voice-2.zip: 9%
[Modules] Streaming discord_voice@2 to /home/mids/m234158/.config/discord/0.0.20/modules/pending/discord_voice-2.zip: 10%
[Modules] Streaming discord_voice@2 to /home/mids/m234158/.config/discord/0.0.20/modules/pending/discord_voice-2.zip: 11%
[Modules] Streaming discord_voice@2 to /home/mids/m234158/.config/discord/0.0.20/modules/pending/discord_voice-2.zip: 12%
[Modules] Streaming discord_voice@2 to /home/mids/m234158/.config/discord/0.0.20/modules/pending/discord_voice-2.zip: 13%
[Modules] Streaming discord_voice@2 to /home/mids/m234158/.config/discord/0.0.20/modules/pending/discord_voice-2.zip: 14%
[Modules] Streaming discord_voice@2 to /home/mids/m234158/.config/discord/0.0.20/modules/pending/discord_voice-2.zip: 15%
[Modules] Streaming discord_voice@2 to /home/mids/m234158/.config/discord/0.0.20/modules/pending/discord_voice-2.zip: 16%
[Modules] Streaming discord_voice@2 to /home/mids/m234158/.config/discord/0.0.20/modules/pending/discord_voice-2.zip: 17%
[Modules] Streaming discord_voice@2 to /home/mids/m234158/.config/discord/0.0.20/modules/pending/discord_voice-2.zip: 18%
[Modules] Streaming discord_voice@2 to /home/mids/m234158/.config/discord/0.0.20/modules/pending/discord_voice-2.zip: 19%
[Modules] Streaming discord_voice@2 to /home/mids/m234158/.config/discord/0.0.20/modules/pending/discord_voice-2.zip: 20%
[Modules] Streaming discord_voice@2 to /home/mids/m234158/.config/discord/0.0.20/modules/pending/discord_voice-2.zip: 21%
[Modules] Streaming discord_voice@2 to /home/mids/m234158/.config/discord/0.0.20/modules/pending/discord_voice-2.zip: 22%
[Modules] Streaming discord_voice@2 to /home/mids/m234158/.config/discord/0.0.20/modules/pending/discord_voice-2.zip: 23%
[Modules] Streaming discord_voice@2 to /home/mids/m234158/.config/discord/0.0.20/modules/pending/discord_voice-2.zip: 24%
[Modules] Streaming discord_voice@2 to /home/mids/m234158/.config/discord/0.0.20/modules/pending/discord_voice-2.zip: 25%
[Modules] Streaming discord_voice@2 to /home/mids/m234158/.config/discord/0.0.20/modules/pending/discord_voice-2.zip: 26%
[Modules] Streaming discord_voice@2 to /home/mids/m234158/.config/discord/0.0.20/modules/pending/discord_voice-2.zip: 27%
[Modules] Streaming discord_voice@2 to /home/mids/m234158/.config/discord/0.0.20/modules/pending/discord_voice-2.zip: 28%
[Modules] Streaming discord_voice@2 to /home/mids/m234158/.config/discord/0.0.20/modules/pending/discord_voice-2.zip: 29%
[Modules] Streaming discord_voice@2 to /home/mids/m234158/.config/discord/0.0.20/modules/pending/discord_voice-2.zip: 30%
[Modules] Streaming discord_voice@2 to /home/mids/m234158/.config/discord/0.0.20/modules/pending/discord_voice-2.zip: 31%
[Modules] Streaming discord_voice@2 to /home/mids/m234158/.config/discord/0.0.20/modules/pending/discord_voice-2.zip: 32%
[Modules] Streaming discord_voice@2 to /home/mids/m234158/.config/discord/0.0.20/modules/pending/discord_voice-2.zip: 33%
[Modules] Streaming discord_voice@2 to /home/mids/m234158/.config/discord/0.0.20/modules/pending/discord_voice-2.zip: 34%
[Modules] Streaming discord_voice@2 to /home/mids/m234158/.config/discord/0.0.20/modules/pending/discord_voice-2.zip: 35%
[Modules] Streaming discord_voice@2 to /home/mids/m234158/.config/discord/0.0.20/modules/pending/discord_voice-2.zip: 36%
[Modules] Streaming discord_voice@2 to /home/mids/m234158/.config/discord/0.0.20/modules/pending/discord_voice-2.zip: 37%
[Modules] Streaming discord_voice@2 to /home/mids/m234158/.config/discord/0.0.20/modules/pending/discord_voice-2.zip: 38%
[Modules] Streaming discord_voice@2 to /home/mids/m234158/.config/discord/0.0.20/modules/pending/discord_voice-2.zip: 39%
[Modules] Streaming discord_voice@2 to /home/mids/m234158/.config/discord/0.0.20/modules/pending/discord_voice-2.zip: 40%
[Modules] Streaming discord_voice@2 to /home/mids/m234158/.config/discord/0.0.20/modules/pending/discord_voice-2.zip: 41%
[Modules] Streaming discord_voice@2 to /home/mids/m234158/.config/discord/0.0.20/modules/pending/discord_voice-2.zip: 42%
[Modules] Streaming discord_voice@2 to /home/mids/m234158/.config/discord/0.0.20/modules/pending/discord_voice-2.zip: 43%
[Modules] Streaming discord_voice@2 to /home/mids/m234158/.config/discord/0.0.20/modules/pending/discord_voice-2.zip: 44%
[Modules] Streaming discord_voice@2 to /home/mids/m234158/.config/discord/0.0.20/modules/pending/discord_voice-2.zip: 45%
[Modules] Streaming discord_voice@2 to /home/mids/m234158/.config/discord/0.0.20/modules/pending/discord_voice-2.zip: 46%
[Modules] Streaming discord_voice@2 to /home/mids/m234158/.config/discord/0.0.20/modules/pending/discord_voice-2.zip: 47%
[Modules] Streaming discord_voice@2 to /home/mids/m234158/.config/discord/0.0.20/modules/pending/discord_voice-2.zip: 48%
[Modules] Streaming discord_voice@2 to /home/mids/m234158/.config/discord/0.0.20/modules/pending/discord_voice-2.zip: 49%
[Modules] Streaming discord_voice@2 to /home/mids/m234158/.config/discord/0.0.20/modules/pending/discord_voice-2.zip: 50%
[Modules] Streaming discord_voice@2 to /home/mids/m234158/.config/discord/0.0.20/modules/pending/discord_voice-2.zip: 51%
[Modules] Streaming discord_voice@2 to /home/mids/m234158/.config/discord/0.0.20/modules/pending/discord_voice-2.zip: 52%
[Modules] Streaming discord_voice@2 to /home/mids/m234158/.config/discord/0.0.20/modules/pending/discord_voice-2.zip: 53%
[Modules] Streaming discord_voice@2 to /home/mids/m234158/.config/discord/0.0.20/modules/pending/discord_voice-2.zip: 54%
[Modules] Streaming discord_voice@2 to /home/mids/m234158/.config/discord/0.0.20/modules/pending/discord_voice-2.zip: 55%
[Modules] Streaming discord_voice@2 to /home/mids/m234158/.config/discord/0.0.20/modules/pending/discord_voice-2.zip: 56%
[Modules] Streaming discord_voice@2 to /home/mids/m234158/.config/discord/0.0.20/modules/pending/discord_voice-2.zip: 57%
[Modules] Streaming discord_voice@2 to /home/mids/m234158/.config/discord/0.0.20/modules/pending/discord_voice-2.zip: 58%
[Modules] Streaming discord_voice@2 to /home/mids/m234158/.config/discord/0.0.20/modules/pending/discord_voice-2.zip: 59%
[Modules] Streaming discord_voice@2 to /home/mids/m234158/.config/discord/0.0.20/modules/pending/discord_voice-2.zip: 60%
[Modules] Streaming discord_voice@2 to /home/mids/m234158/.config/discord/0.0.20/modules/pending/discord_voice-2.zip: 61%
[Modules] Streaming discord_voice@2 to /home/mids/m234158/.config/discord/0.0.20/modules/pending/discord_voice-2.zip: 62%
[Modules] Streaming discord_voice@2 to /home/mids/m234158/.config/discord/0.0.20/modules/pending/discord_voice-2.zip: 63%
[Modules] Streaming discord_voice@2 to /home/mids/m234158/.config/discord/0.0.20/modules/pending/discord_voice-2.zip: 64%
[Modules] Streaming discord_voice@2 to /home/mids/m234158/.config/discord/0.0.20/modules/pending/discord_voice-2.zip: 65%
[Modules] Streaming discord_voice@2 to /home/mids/m234158/.config/discord/0.0.20/modules/pending/discord_voice-2.zip: 66%
[Modules] Streaming discord_voice@2 to /home/mids/m234158/.config/discord/0.0.20/modules/pending/discord_voice-2.zip: 67%
[Modules] Streaming discord_voice@2 to /home/mids/m234158/.config/discord/0.0.20/modules/pending/discord_voice-2.zip: 68%
[Modules] Streaming discord_voice@2 to /home/mids/m234158/.config/discord/0.0.20/modules/pending/discord_voice-2.zip: 69%
[Modules] Streaming discord_voice@2 to /home/mids/m234158/.config/discord/0.0.20/modules/pending/discord_voice-2.zip: 70%
[Modules] Streaming discord_voice@2 to /home/mids/m234158/.config/discord/0.0.20/modules/pending/discord_voice-2.zip: 71%
[Modules] Streaming discord_voice@2 to /home/mids/m234158/.config/discord/0.0.20/modules/pending/discord_voice-2.zip: 72%
[Modules] Streaming discord_voice@2 to /home/mids/m234158/.config/discord/0.0.20/modules/pending/discord_voice-2.zip: 73%
[Modules] Streaming discord_voice@2 to /home/mids/m234158/.config/discord/0.0.20/modules/pending/discord_voice-2.zip: 74%
[Modules] Streaming discord_voice@2 to /home/mids/m234158/.config/discord/0.0.20/modules/pending/discord_voice-2.zip: 75%
[Modules] Streaming discord_voice@2 to /home/mids/m234158/.config/discord/0.0.20/modules/pending/discord_voice-2.zip: 76%
[Modules] Streaming discord_voice@2 to /home/mids/m234158/.config/discord/0.0.20/modules/pending/discord_voice-2.zip: 77%
[Modules] Streaming discord_voice@2 to /home/mids/m234158/.config/discord/0.0.20/modules/pending/discord_voice-2.zip: 78%
[Modules] Streaming discord_voice@2 to /home/mids/m234158/.config/discord/0.0.20/modules/pending/discord_voice-2.zip: 79%
[Modules] Streaming discord_voice@2 to /home/mids/m234158/.config/discord/0.0.20/modules/pending/discord_voice-2.zip: 80%
[Modules] Streaming discord_voice@2 to /home/mids/m234158/.config/discord/0.0.20/modules/pending/discord_voice-2.zip: 81%
[Modules] Streaming discord_voice@2 to /home/mids/m234158/.config/discord/0.0.20/modules/pending/discord_voice-2.zip: 82%
[Modules] Streaming discord_voice@2 to /home/mids/m234158/.config/discord/0.0.20/modules/pending/discord_voice-2.zip: 83%
[Modules] Streaming discord_voice@2 to /home/mids/m234158/.config/discord/0.0.20/modules/pending/discord_voice-2.zip: 84%
[Modules] Streaming discord_voice@2 to /home/mids/m234158/.config/discord/0.0.20/modules/pending/discord_voice-2.zip: 85%
[Modules] Streaming discord_voice@2 to /home/mids/m234158/.config/discord/0.0.20/modules/pending/discord_voice-2.zip: 86%
[Modules] Streaming discord_voice@2 to /home/mids/m234158/.config/discord/0.0.20/modules/pending/discord_voice-2.zip: 87%
[Modules] Streaming discord_voice@2 to /home/mids/m234158/.config/discord/0.0.20/modules/pending/discord_voice-2.zip: 88%
[Modules] Streaming discord_voice@2 to /home/mids/m234158/.config/discord/0.0.20/modules/pending/discord_voice-2.zip: 89%
[Modules] Streaming discord_voice@2 to /home/mids/m234158/.config/discord/0.0.20/modules/pending/discord_voice-2.zip: 90%
[Modules] Streaming discord_voice@2 to /home/mids/m234158/.config/discord/0.0.20/modules/pending/discord_voice-2.zip: 91%
[Modules] Streaming discord_voice@2 to /home/mids/m234158/.config/discord/0.0.20/modules/pending/discord_voice-2.zip: 92%
[Modules] Streaming discord_voice@2 to /home/mids/m234158/.config/discord/0.0.20/modules/pending/discord_voice-2.zip: 93%
[Modules] Streaming discord_voice@2 to /home/mids/m234158/.config/discord/0.0.20/modules/pending/discord_voice-2.zip: 94%
[Modules] Streaming discord_voice@2 to /home/mids/m234158/.config/discord/0.0.20/modules/pending/discord_voice-2.zip: 95%
[Modules] Streaming discord_voice@2 to /home/mids/m234158/.config/discord/0.0.20/modules/pending/discord_voice-2.zip: 96%
[Modules] Streaming discord_voice@2 to /home/mids/m234158/.config/discord/0.0.20/modules/pending/discord_voice-2.zip: 97%
[Modules] Streaming discord_voice@2 to /home/mids/m234158/.config/discord/0.0.20/modules/pending/discord_voice-2.zip: 98%
[Modules] Streaming discord_voice@2 to /home/mids/m234158/.config/discord/0.0.20/modules/pending/discord_voice-2.zip: 99%
[Modules] Streaming discord_voice@2 to /home/mids/m234158/.config/discord/0.0.20/modules/pending/discord_voice-2.zip: 100%
[Modules] Finished module downloads. [success: 1] [failure: 0]
[Modules] Installing updates...
[Modules] Installing discord_voice@2 from /home/mids/m234158/.config/discord/0.0.20/modules/pending/discord_voice-2.zip
[Modules] Finished module installations. [success: 1] [failure: 0]
[Modules] Checking for host updates.
[Modules] Host is up to date.
[Modules] Checking for module updates at https://discord.com/api/modules/stable/versions.json
[Modules] No module updates available.
Optional module ./ElectronTestRpc was not included.
WEIGHT /home/mids/m234158/.config/discord/0.0.20/modules/discord_krisp/NC_small_8k.thw
WEIGHT /home/mids/m234158/.config/discord/0.0.20/modules/discord_krisp/NC_small_16k.thw
WEIGHT /home/mids/m234158/.config/discord/0.0.20/modules/discord_krisp/c6.s.f.27f1a3.thw
WEIGHT /home/mids/m234158/.config/discord/0.0.20/modules/discord_krisp/VAD_weight.thw
[Modules] Checking for host updates.
[Modules] Host is up to date.
[Modules] Checking for module updates at https://discord.com/api/modules/stable/versions.json
[Modules] No module updates available.
[3539897:0928/085126.559551:FATAL:gpu_data_manager_impl_private.cc(415)] GPU process isn't usable. Goodbye.
--2022-09-28 08:51:27--  https://sentry.io/api/146342/minidump/?sentry_key=384ce4413de74fe0be270abe03b2b35a
Resolving sentry.io (sentry.io)... 35.188.42.15
Connecting to sentry.io (sentry.io)|35.188.42.15|:443... connected.
HTTP request sent, awaiting response... 200 OK
Length: 36 [text/plain]
Saving to: ‘/dev/fd/4’

     0K                            
 Failed to get crash dump id. 
 Report Id:  b0fde50f-04f2-44 
    --2022-09-28 08:51:28--  https://sentry.io/api/146342/minidump/?sentry_key=384ce4413de74fe0be270abe03b2b35a
Resolving sentry.io (sentry.io)... 35.188.42.15
Connecting to sentry.io (sentry.io)|35.188.42.15|:443... connected.
HTTP request sent, awaiting response... 200 OK
Length: 36 [text/plain]
Saving to: ‘/dev/fd/4’

     0K                             
 Failed to get crash dump id. 
 Report Id:  19e2de2e-9b88-4c 
     Discord 0.0.20
Starting app.
Starting updater.
[Modules] Modules initializing
[Modules] Distribution: remote
[Modules] Host updates: enabled
[Modules] Module updates: enabled
[Modules] Module install path: /home/mids/m234158/.config/discord/0.0.20/modules
[Modules] Module installed file path: /home/mids/m234158/.config/discord/0.0.20/modules/installed.json
[Modules] Module download path: /home/mids/m234158/.config/discord/0.0.20/modules/pending
[Modules] No updates to install
[Modules] Checking for host updates.
[Modules] Host is up to date.
[Modules] Checking for module updates at https://discord.com/api/modules/stable/versions.json
[Modules] Module update available: discord_voice@3 [installed: 2]
[Modules] Fetching discord_voice@3 from https://discord.com/api/modules/stable/discord_voice/3
[Modules] Streaming discord_voice@3 to /home/mids/m234158/.config/discord/0.0.20/modules/pending/discord_voice-3.zip
[Modules] Streaming discord_voice@3 to /home/mids/m234158/.config/discord/0.0.20/modules/pending/discord_voice-3.zip: 1%
[Modules] Streaming discord_voice@3 to /home/mids/m234158/.config/discord/0.0.20/modules/pending/discord_voice-3.zip: 2%
[Modules] Streaming discord_voice@3 to /home/mids/m234158/.config/discord/0.0.20/modules/pending/discord_voice-3.zip: 3%
[Modules] Streaming discord_voice@3 to /home/mids/m234158/.config/discord/0.0.20/modules/pending/discord_voice-3.zip: 4%
[Modules] Streaming discord_voice@3 to /home/mids/m234158/.config/discord/0.0.20/modules/pending/discord_voice-3.zip: 5%
[Modules] Streaming discord_voice@3 to /home/mids/m234158/.config/discord/0.0.20/modules/pending/discord_voice-3.zip: 6%
[Modules] Streaming discord_voice@3 to /home/mids/m234158/.config/discord/0.0.20/modules/pending/discord_voice-3.zip: 7%
[Modules] Streaming discord_voice@3 to /home/mids/m234158/.config/discord/0.0.20/modules/pending/discord_voice-3.zip: 8%
[Modules] Streaming discord_voice@3 to /home/mids/m234158/.config/discord/0.0.20/modules/pending/discord_voice-3.zip: 9%
[Modules] Streaming discord_voice@3 to /home/mids/m234158/.config/discord/0.0.20/modules/pending/discord_voice-3.zip: 10%
[Modules] Streaming discord_voice@3 to /home/mids/m234158/.config/discord/0.0.20/modules/pending/discord_voice-3.zip: 11%
[Modules] Streaming discord_voice@3 to /home/mids/m234158/.config/discord/0.0.20/modules/pending/discord_voice-3.zip: 12%
[Modules] Streaming discord_voice@3 to /home/mids/m234158/.config/discord/0.0.20/modules/pending/discord_voice-3.zip: 13%
[Modules] Streaming discord_voice@3 to /home/mids/m234158/.config/discord/0.0.20/modules/pending/discord_voice-3.zip: 14%
[Modules] Streaming discord_voice@3 to /home/mids/m234158/.config/discord/0.0.20/modules/pending/discord_voice-3.zip: 15%
[Modules] Streaming discord_voice@3 to /home/mids/m234158/.config/discord/0.0.20/modules/pending/discord_voice-3.zip: 16%
[Modules] Streaming discord_voice@3 to /home/mids/m234158/.config/discord/0.0.20/modules/pending/discord_voice-3.zip: 17%
[Modules] Streaming discord_voice@3 to /home/mids/m234158/.config/discord/0.0.20/modules/pending/discord_voice-3.zip: 18%
[Modules] Streaming discord_voice@3 to /home/mids/m234158/.config/discord/0.0.20/modules/pending/discord_voice-3.zip: 19%
[Modules] Streaming discord_voice@3 to /home/mids/m234158/.config/discord/0.0.20/modules/pending/discord_voice-3.zip: 20%
[Modules] Streaming discord_voice@3 to /home/mids/m234158/.config/discord/0.0.20/modules/pending/discord_voice-3.zip: 21%
[Modules] Streaming discord_voice@3 to /home/mids/m234158/.config/discord/0.0.20/modules/pending/discord_voice-3.zip: 22%
[Modules] Streaming discord_voice@3 to /home/mids/m234158/.config/discord/0.0.20/modules/pending/discord_voice-3.zip: 23%
[Modules] Streaming discord_voice@3 to /home/mids/m234158/.config/discord/0.0.20/modules/pending/discord_voice-3.zip: 24%
[Modules] Streaming discord_voice@3 to /home/mids/m234158/.config/discord/0.0.20/modules/pending/discord_voice-3.zip: 25%
[Modules] Streaming discord_voice@3 to /home/mids/m234158/.config/discord/0.0.20/modules/pending/discord_voice-3.zip: 26%
[Modules] Streaming discord_voice@3 to /home/mids/m234158/.config/discord/0.0.20/modules/pending/discord_voice-3.zip: 27%
[Modules] Streaming discord_voice@3 to /home/mids/m234158/.config/discord/0.0.20/modules/pending/discord_voice-3.zip: 28%
[Modules] Streaming discord_voice@3 to /home/mids/m234158/.config/discord/0.0.20/modules/pending/discord_voice-3.zip: 29%
[Modules] Streaming discord_voice@3 to /home/mids/m234158/.config/discord/0.0.20/modules/pending/discord_voice-3.zip: 30%
[Modules] Streaming discord_voice@3 to /home/mids/m234158/.config/discord/0.0.20/modules/pending/discord_voice-3.zip: 31%
[Modules] Streaming discord_voice@3 to /home/mids/m234158/.config/discord/0.0.20/modules/pending/discord_voice-3.zip: 32%
[Modules] Streaming discord_voice@3 to /home/mids/m234158/.config/discord/0.0.20/modules/pending/discord_voice-3.zip: 33%
[Modules] Streaming discord_voice@3 to /home/mids/m234158/.config/discord/0.0.20/modules/pending/discord_voice-3.zip: 34%
[Modules] Streaming discord_voice@3 to /home/mids/m234158/.config/discord/0.0.20/modules/pending/discord_voice-3.zip: 35%
[Modules] Streaming discord_voice@3 to /home/mids/m234158/.config/discord/0.0.20/modules/pending/discord_voice-3.zip: 36%
[Modules] Streaming discord_voice@3 to /home/mids/m234158/.config/discord/0.0.20/modules/pending/discord_voice-3.zip: 39%
[Modules] Streaming discord_voice@3 to /home/mids/m234158/.config/discord/0.0.20/modules/pending/discord_voice-3.zip: 40%
[Modules] Streaming discord_voice@3 to /home/mids/m234158/.config/discord/0.0.20/modules/pending/discord_voice-3.zip: 41%
[Modules] Streaming discord_voice@3 to /home/mids/m234158/.config/discord/0.0.20/modules/pending/discord_voice-3.zip: 42%
[Modules] Streaming discord_voice@3 to /home/mids/m234158/.config/discord/0.0.20/modules/pending/discord_voice-3.zip: 43%
[Modules] Streaming discord_voice@3 to /home/mids/m234158/.config/discord/0.0.20/modules/pending/discord_voice-3.zip: 44%
[Modules] Streaming discord_voice@3 to /home/mids/m234158/.config/discord/0.0.20/modules/pending/discord_voice-3.zip: 45%
[Modules] Streaming discord_voice@3 to /home/mids/m234158/.config/discord/0.0.20/modules/pending/discord_voice-3.zip: 46%
[Modules] Streaming discord_voice@3 to /home/mids/m234158/.config/discord/0.0.20/modules/pending/discord_voice-3.zip: 47%
[Modules] Streaming discord_voice@3 to /home/mids/m234158/.config/discord/0.0.20/modules/pending/discord_voice-3.zip: 48%
[Modules] Streaming discord_voice@3 to /home/mids/m234158/.config/discord/0.0.20/modules/pending/discord_voice-3.zip: 49%
[Modules] Streaming discord_voice@3 to /home/mids/m234158/.config/discord/0.0.20/modules/pending/discord_voice-3.zip: 50%
[Modules] Streaming discord_voice@3 to /home/mids/m234158/.config/discord/0.0.20/modules/pending/discord_voice-3.zip: 51%
[Modules] Streaming discord_voice@3 to /home/mids/m234158/.config/discord/0.0.20/modules/pending/discord_voice-3.zip: 52%
[Modules] Streaming discord_voice@3 to /home/mids/m234158/.config/discord/0.0.20/modules/pending/discord_voice-3.zip: 53%
[Modules] Streaming discord_voice@3 to /home/mids/m234158/.config/discord/0.0.20/modules/pending/discord_voice-3.zip: 54%
[Modules] Streaming discord_voice@3 to /home/mids/m234158/.config/discord/0.0.20/modules/pending/discord_voice-3.zip: 55%
[Modules] Streaming discord_voice@3 to /home/mids/m234158/.config/discord/0.0.20/modules/pending/discord_voice-3.zip: 56%
[Modules] Streaming discord_voice@3 to /home/mids/m234158/.config/discord/0.0.20/modules/pending/discord_voice-3.zip: 57%
[Modules] Streaming discord_voice@3 to /home/mids/m234158/.config/discord/0.0.20/modules/pending/discord_voice-3.zip: 58%
[Modules] Streaming discord_voice@3 to /home/mids/m234158/.config/discord/0.0.20/modules/pending/discord_voice-3.zip: 59%
[Modules] Streaming discord_voice@3 to /home/mids/m234158/.config/discord/0.0.20/modules/pending/discord_voice-3.zip: 60%
[Modules] Streaming discord_voice@3 to /home/mids/m234158/.config/discord/0.0.20/modules/pending/discord_voice-3.zip: 61%
[Modules] Streaming discord_voice@3 to /home/mids/m234158/.config/discord/0.0.20/modules/pending/discord_voice-3.zip: 62%
[Modules] Streaming discord_voice@3 to /home/mids/m234158/.config/discord/0.0.20/modules/pending/discord_voice-3.zip: 63%
[Modules] Streaming discord_voice@3 to /home/mids/m234158/.config/discord/0.0.20/modules/pending/discord_voice-3.zip: 64%
[Modules] Streaming discord_voice@3 to /home/mids/m234158/.config/discord/0.0.20/modules/pending/discord_voice-3.zip: 65%
[Modules] Streaming discord_voice@3 to /home/mids/m234158/.config/discord/0.0.20/modules/pending/discord_voice-3.zip: 66%
[Modules] Streaming discord_voice@3 to /home/mids/m234158/.config/discord/0.0.20/modules/pending/discord_voice-3.zip: 67%
[Modules] Streaming discord_voice@3 to /home/mids/m234158/.config/discord/0.0.20/modules/pending/discord_voice-3.zip: 68%
[Modules] Streaming discord_voice@3 to /home/mids/m234158/.config/discord/0.0.20/modules/pending/discord_voice-3.zip: 69%
[Modules] Streaming discord_voice@3 to /home/mids/m234158/.config/discord/0.0.20/modules/pending/discord_voice-3.zip: 70%
[Modules] Streaming discord_voice@3 to /home/mids/m234158/.config/discord/0.0.20/modules/pending/discord_voice-3.zip: 71%
[Modules] Streaming discord_voice@3 to /home/mids/m234158/.config/discord/0.0.20/modules/pending/discord_voice-3.zip: 72%
[Modules] Streaming discord_voice@3 to /home/mids/m234158/.config/discord/0.0.20/modules/pending/discord_voice-3.zip: 73%
[Modules] Streaming discord_voice@3 to /home/mids/m234158/.config/discord/0.0.20/modules/pending/discord_voice-3.zip: 74%
[Modules] Streaming discord_voice@3 to /home/mids/m234158/.config/discord/0.0.20/modules/pending/discord_voice-3.zip: 75%
[Modules] Streaming discord_voice@3 to /home/mids/m234158/.config/discord/0.0.20/modules/pending/discord_voice-3.zip: 76%
[Modules] Streaming discord_voice@3 to /home/mids/m234158/.config/discord/0.0.20/modules/pending/discord_voice-3.zip: 77%
[Modules] Streaming discord_voice@3 to /home/mids/m234158/.config/discord/0.0.20/modules/pending/discord_voice-3.zip: 78%
[Modules] Streaming discord_voice@3 to /home/mids/m234158/.config/discord/0.0.20/modules/pending/discord_voice-3.zip: 79%
[Modules] Streaming discord_voice@3 to /home/mids/m234158/.config/discord/0.0.20/modules/pending/discord_voice-3.zip: 80%
[Modules] Streaming discord_voice@3 to /home/mids/m234158/.config/discord/0.0.20/modules/pending/discord_voice-3.zip: 81%
[Modules] Streaming discord_voice@3 to /home/mids/m234158/.config/discord/0.0.20/modules/pending/discord_voice-3.zip: 82%
[Modules] Streaming discord_voice@3 to /home/mids/m234158/.config/discord/0.0.20/modules/pending/discord_voice-3.zip: 83%
[Modules] Streaming discord_voice@3 to /home/mids/m234158/.config/discord/0.0.20/modules/pending/discord_voice-3.zip: 84%
[Modules] Streaming discord_voice@3 to /home/mids/m234158/.config/discord/0.0.20/modules/pending/discord_voice-3.zip: 85%
[Modules] Streaming discord_voice@3 to /home/mids/m234158/.config/discord/0.0.20/modules/pending/discord_voice-3.zip: 86%
[Modules] Streaming discord_voice@3 to /home/mids/m234158/.config/discord/0.0.20/modules/pending/discord_voice-3.zip: 87%
[Modules] Streaming discord_voice@3 to /home/mids/m234158/.config/discord/0.0.20/modules/pending/discord_voice-3.zip: 88%
[Modules] Streaming discord_voice@3 to /home/mids/m234158/.config/discord/0.0.20/modules/pending/discord_voice-3.zip: 89%
[Modules] Streaming discord_voice@3 to /home/mids/m234158/.config/discord/0.0.20/modules/pending/discord_voice-3.zip: 90%
[Modules] Streaming discord_voice@3 to /home/mids/m234158/.config/discord/0.0.20/modules/pending/discord_voice-3.zip: 91%
[Modules] Streaming discord_voice@3 to /home/mids/m234158/.config/discord/0.0.20/modules/pending/discord_voice-3.zip: 92%
[Modules] Streaming discord_voice@3 to /home/mids/m234158/.config/discord/0.0.20/modules/pending/discord_voice-3.zip: 93%
[Modules] Streaming discord_voice@3 to /home/mids/m234158/.config/discord/0.0.20/modules/pending/discord_voice-3.zip: 94%
[Modules] Streaming discord_voice@3 to /home/mids/m234158/.config/discord/0.0.20/modules/pending/discord_voice-3.zip: 95%
[Modules] Streaming discord_voice@3 to /home/mids/m234158/.config/discord/0.0.20/modules/pending/discord_voice-3.zip: 96%
[Modules] Streaming discord_voice@3 to /home/mids/m234158/.config/discord/0.0.20/modules/pending/discord_voice-3.zip: 97%
[Modules] Streaming discord_voice@3 to /home/mids/m234158/.config/discord/0.0.20/modules/pending/discord_voice-3.zip: 98%
[Modules] Streaming discord_voice@3 to /home/mids/m234158/.config/discord/0.0.20/modules/pending/discord_voice-3.zip: 99%
[Modules] Streaming discord_voice@3 to /home/mids/m234158/.config/discord/0.0.20/modules/pending/discord_voice-3.zip: 100%
[Modules] Finished module downloads. [success: 1] [failure: 0]
[Modules] Installing updates...
[Modules] Installing discord_voice@3 from /home/mids/m234158/.config/discord/0.0.20/modules/pending/discord_voice-3.zip
[Modules] Finished module installations. [success: 1] [failure: 0]
[Modules] Checking for host updates.
[Modules] Host is up to date.
[Modules] Checking for module updates at https://discord.com/api/modules/stable/versions.json
[Modules] No module updates available.
Optional module ./ElectronTestRpc was not included.
WEIGHT /home/mids/m234158/.config/discord/0.0.20/modules/discord_krisp/NC_small_8k.thw
WEIGHT /home/mids/m234158/.config/discord/0.0.20/modules/discord_krisp/NC_small_16k.thw
WEIGHT /home/mids/m234158/.config/discord/0.0.20/modules/discord_krisp/c6.s.f.27f1a3.thw
WEIGHT /home/mids/m234158/.config/discord/0.0.20/modules/discord_krisp/VAD_weight.thw
[Modules] Checking for host updates.
[Modules] Host is up to date.
[Modules] Checking for module updates at https://discord.com/api/modules/stable/versions.json
[Modules] No module updates available.
[Modules] Checking for host updates.
[Modules] Host is up to date.
[Modules] Checking for module updates at https://discord.com/api/modules/stable/versions.json
[Modules] No module updates available.
